============================= test session starts =============================
platform win32 -- Python 3.8.7, pytest-6.2.5, py-1.11.0, pluggy-1.0.0
rootdir: C:\Users\RomanSokolovsky\Desktop\_jira\DC\dc-app-performance-toolkit\app
plugins: apiritif-1.1.2, forked-1.4.0, xdist-2.5.0
collected 15 items

selenium_ui\jira_ui.py first driver inits
1644321964711,4152,selenium_login:open_login_page,Success,True
node_id:i-0105888bc85f91358
1644321969599,4885,selenium_login:login_and_view_dashboard,Success,True
1644321969601,9044,selenium_login,Success,True
.test_0_selenium_a_login,Total:1 Passed:1 Failed:0
1644321970668,1041,selenium_browse_projects_list,Success,True
.test_1_selenium_browse_projects_list,Total:2 Passed:2 Failed:0
1644321972532,1857,selenium_browse_boards_list,Success,True
.test_1_selenium_browse_boards_list,Total:3 Passed:3 Failed:0
1644321974317,1764,selenium_create_issue:open_quick_create,Success,True
1644321976593,649,selenium_create_issue:fill_and_submit_issue_form:submit_issue_form,Success,True
1644321976596,2274,selenium_create_issue:fill_and_submit_issue_form,Success,True
1644321976600,4047,selenium_create_issue,Success,True
.test_1_selenium_create_issue,Total:4 Passed:4 Failed:0
1644321977733,1108,selenium_edit_issue:open_edit_issue_form,Success,True
1644321980813,1520,selenium_edit_issue:save_edit_issue_form,Success,True
1644321980815,4191,selenium_edit_issue,Success,True
.test_1_selenium_edit_issue,Total:5 Passed:5 Failed:0
1644321981303,481,selenium_save_comment:open_comment_form,Success,True
1644321983465,1317,selenium_save_comment:submit_form,Success,True
1644321983468,2648,selenium_save_comment,Success,True
.test_1_selenium_save_comment,Total:6 Passed:6 Failed:0
1644321984598,1124,selenium_search_jql,Success,True
.test_1_selenium_search_jql,Total:7 Passed:7 Failed:0
1644321986752,2147,selenium_view_scrum_board_backlog,Success,True
.test_1_selenium_view_backlog_for_scrum_board,Total:8 Passed:8 Failed:0
1644321989353,2595,selenium_view_scrum_board,Success,True
.test_1_selenium_view_scrum_board,Total:9 Passed:9 Failed:0
1644321990578,1217,selenium_view_kanban_board,Success,True
.test_1_selenium_view_kanban_board,Total:10 Passed:10 Failed:0
1644321991260,674,selenium_view_dashboard,Success,True
.test_1_selenium_view_dashboard,Total:11 Passed:11 Failed:0
1644321992163,894,selenium_view_issue,Success,True
.test_1_selenium_view_issue,Total:12 Passed:12 Failed:0
1644321994628,2458,selenium_project_summary,Success,True
.test_1_selenium_view_project_summary,Total:13 Passed:13 Failed:0
1644321995714,1078,selenium_app_custom_action:view_issue,Success,True
1644321995717,1083,selenium_app_custom_action,Success,True
.test_1_selenium_custom_action,Total:14 Passed:14 Failed:0
1644321996692,969,selenium_log_out,Success,True
.test_2_selenium_z_log_out,Total:15 Passed:15 Failed:0


============================== warnings summary ===============================
..\..\..\..\..\.bzt\python-packages\3.8.7\_pytest\config\__init__.py:1114
  C:\Users\RomanSokolovsky\.bzt\python-packages\3.8.7\_pytest\config\__init__.py:1114: PytestAssertRewriteWarning: Module already imported so cannot be rewritten: apiritif
    self._mark_plugins_for_rewrite(hook)

..\..\..\..\..\.bzt\python-packages\3.8.7\urllib3\connectionpool.py:1043
  C:\Users\RomanSokolovsky\.bzt\python-packages\3.8.7\urllib3\connectionpool.py:1043: InsecureRequestWarning: Unverified HTTPS request is being made to host 'jira-dev.whitesourcedev.com'. Adding certificate verification is strongly advised. See: https://urllib3.readthedocs.io/en/1.26.x/advanced-usage.html#ssl-warnings
    warnings.warn(

-- Docs: https://docs.pytest.org/en/stable/warnings.html
======================= 15 passed, 2 warnings in 38.40s =======================
============================= test session starts =============================
platform win32 -- Python 3.8.7, pytest-6.2.5, py-1.11.0, pluggy-1.0.0
rootdir: C:\Users\RomanSokolovsky\Desktop\_jira\DC\dc-app-performance-toolkit\app
plugins: apiritif-1.1.2, forked-1.4.0, xdist-2.5.0
collected 15 items

selenium_ui\jira_ui.py get driver from global
clear browser cookies
1644321997349,344,selenium_login:open_login_page,Success,True
node_id:i-0105888bc85f91358
1644321998762,1401,selenium_login:login_and_view_dashboard,Success,True
1644321998771,1762,selenium_login,Success,True
.test_0_selenium_a_login,Total:16 Passed:16 Failed:0
1644321999911,728,selenium_browse_projects_list,Success,True
.test_1_selenium_browse_projects_list,Total:17 Passed:17 Failed:0
1644322001341,1417,selenium_browse_boards_list,Success,True
.test_1_selenium_browse_boards_list,Total:18 Passed:18 Failed:0
1644322002824,1450,selenium_create_issue:open_quick_create,Success,True
1644322005225,721,selenium_create_issue:fill_and_submit_issue_form:submit_issue_form,Success,True
1644322005244,2402,selenium_create_issue:fill_and_submit_issue_form,Success,True
1644322005255,3877,selenium_create_issue,Success,True
.test_1_selenium_create_issue,Total:19 Passed:19 Failed:0
1644322006205,881,selenium_edit_issue:open_edit_issue_form,Success,True
1644322009430,1788,selenium_edit_issue:save_edit_issue_form,Success,True
1644322009437,4110,selenium_edit_issue,Success,True
.test_1_selenium_edit_issue,Total:20 Passed:20 Failed:0
1644322010072,620,selenium_save_comment:open_comment_form,Success,True
1644322013131,2002,selenium_save_comment:submit_form,Success,True
1644322013135,3682,selenium_save_comment,Success,True
.test_1_selenium_save_comment,Total:21 Passed:21 Failed:0
1644322014592,1447,selenium_search_jql,Success,True
.test_1_selenium_search_jql,Total:22 Passed:22 Failed:0
1644322016178,1580,selenium_view_scrum_board_backlog,Success,True
.test_1_selenium_view_backlog_for_scrum_board,Total:23 Passed:23 Failed:0
1644322018190,1999,selenium_view_scrum_board,Success,True
.test_1_selenium_view_scrum_board,Total:24 Passed:24 Failed:0
1644322019679,1474,selenium_view_kanban_board,Success,True
.test_1_selenium_view_kanban_board,Total:25 Passed:25 Failed:0
1644322020402,713,selenium_view_dashboard,Success,True
.test_1_selenium_view_dashboard,Total:26 Passed:26 Failed:0
1644322021964,1553,selenium_view_issue,Success,True
.test_1_selenium_view_issue,Total:27 Passed:27 Failed:0
1644322023484,1514,selenium_project_summary,Success,True
.test_1_selenium_view_project_summary,Total:28 Passed:28 Failed:0
1644322024806,1313,selenium_app_custom_action:view_issue,Success,True
1644322024814,1320,selenium_app_custom_action,Success,True
.test_1_selenium_custom_action,Total:29 Passed:29 Failed:0
1644322026165,1341,selenium_log_out,Success,True
.test_2_selenium_z_log_out,Total:30 Passed:30 Failed:0


============================== warnings summary ===============================
..\..\..\..\..\.bzt\python-packages\3.8.7\_pytest\config\__init__.py:1114
  C:\Users\RomanSokolovsky\.bzt\python-packages\3.8.7\_pytest\config\__init__.py:1114: PytestAssertRewriteWarning: Module already imported so cannot be rewritten: apiritif
    self._mark_plugins_for_rewrite(hook)

-- Docs: https://docs.pytest.org/en/stable/warnings.html
======================= 15 passed, 1 warning in 29.24s ========================
============================= test session starts =============================
platform win32 -- Python 3.8.7, pytest-6.2.5, py-1.11.0, pluggy-1.0.0
rootdir: C:\Users\RomanSokolovsky\Desktop\_jira\DC\dc-app-performance-toolkit\app
plugins: apiritif-1.1.2, forked-1.4.0, xdist-2.5.0
collected 15 items

selenium_ui\jira_ui.py get driver from global
clear browser cookies
1644322026974,390,selenium_login:open_login_page,Success,True
node_id:i-0105888bc85f91358
1644322028837,1858,selenium_login:login_and_view_dashboard,Success,True
1644322028840,2256,selenium_login,Success,True
.test_0_selenium_a_login,Total:31 Passed:31 Failed:0
1644322029503,633,selenium_browse_projects_list,Success,True
.test_1_selenium_browse_projects_list,Total:32 Passed:32 Failed:0
1644322030757,1246,selenium_browse_boards_list,Success,True
.test_1_selenium_browse_boards_list,Total:33 Passed:33 Failed:0
1644322031888,1106,selenium_create_issue:open_quick_create,Success,True
1644322033980,759,selenium_create_issue:fill_and_submit_issue_form:submit_issue_form,Success,True
1644322033987,2092,selenium_create_issue:fill_and_submit_issue_form,Success,True
1644322033996,3212,selenium_create_issue,Success,True
.test_1_selenium_create_issue,Total:34 Passed:34 Failed:0
1644322034849,816,selenium_edit_issue:open_edit_issue_form,Success,True
1644322037793,1660,selenium_edit_issue:save_edit_issue_form,Success,True
1644322037796,3763,selenium_edit_issue,Success,True
.test_1_selenium_edit_issue,Total:35 Passed:35 Failed:0
1644322038485,679,selenium_save_comment:open_comment_form,Success,True
1644322041250,2005,selenium_save_comment:submit_form,Success,True
1644322041252,3449,selenium_save_comment,Success,True
.test_1_selenium_save_comment,Total:36 Passed:36 Failed:0
1644322042227,966,selenium_search_jql,Success,True
.test_1_selenium_search_jql,Total:37 Passed:37 Failed:0
1644322044273,2034,selenium_view_scrum_board_backlog,Success,True
.test_1_selenium_view_backlog_for_scrum_board,Total:38 Passed:38 Failed:0
1644322045437,1154,selenium_view_scrum_board,Success,True
.test_1_selenium_view_scrum_board,Total:39 Passed:39 Failed:0
1644322046700,1256,selenium_view_kanban_board,Success,True
.test_1_selenium_view_kanban_board,Total:40 Passed:40 Failed:0
1644322047313,600,selenium_view_dashboard,Success,True
.test_1_selenium_view_dashboard,Total:41 Passed:41 Failed:0
1644322048420,1098,selenium_view_issue,Success,True
.test_1_selenium_view_issue,Total:42 Passed:42 Failed:0
1644322049979,1551,selenium_project_summary,Success,True
.test_1_selenium_view_project_summary,Total:43 Passed:43 Failed:0
1644322051266,1276,selenium_app_custom_action:view_issue,Success,True
1644322051282,1283,selenium_app_custom_action,Success,True
.test_1_selenium_custom_action,Total:44 Passed:44 Failed:0
1644322053354,2061,selenium_log_out,Success,True
.test_2_selenium_z_log_out,Total:45 Passed:45 Failed:0


============================== warnings summary ===============================
..\..\..\..\..\.bzt\python-packages\3.8.7\_pytest\config\__init__.py:1114
  C:\Users\RomanSokolovsky\.bzt\python-packages\3.8.7\_pytest\config\__init__.py:1114: PytestAssertRewriteWarning: Module already imported so cannot be rewritten: apiritif
    self._mark_plugins_for_rewrite(hook)

-- Docs: https://docs.pytest.org/en/stable/warnings.html
======================= 15 passed, 1 warning in 26.87s ========================
============================= test session starts =============================
platform win32 -- Python 3.8.7, pytest-6.2.5, py-1.11.0, pluggy-1.0.0
rootdir: C:\Users\RomanSokolovsky\Desktop\_jira\DC\dc-app-performance-toolkit\app
plugins: apiritif-1.1.2, forked-1.4.0, xdist-2.5.0
collected 15 items

selenium_ui\jira_ui.py get driver from global
clear browser cookies
1644322055319,802,selenium_login:open_login_page,Success,True
node_id:i-0105888bc85f91358
1644322058423,3098,selenium_login:login_and_view_dashboard,Success,True
1644322058427,3926,selenium_login,Success,True
.test_0_selenium_a_login,Total:46 Passed:46 Failed:0
1644322059327,664,selenium_browse_projects_list,Success,True
.test_1_selenium_browse_projects_list,Total:47 Passed:47 Failed:0
1644322060597,1264,selenium_browse_boards_list,Success,True
.test_1_selenium_browse_boards_list,Total:48 Passed:48 Failed:0
1644322062077,1456,selenium_create_issue:open_quick_create,Success,True
1644322063524,650,selenium_create_issue:fill_and_submit_issue_form:submit_issue_form,Success,True
1644322063526,1447,selenium_create_issue:fill_and_submit_issue_form,Success,True
1644322063528,2908,selenium_create_issue,Success,True
.test_1_selenium_create_issue,Total:49 Passed:49 Failed:0
1644322064143,599,selenium_edit_issue:open_edit_issue_form,Success,True
1644322066678,1508,selenium_edit_issue:save_edit_issue_form,Success,True
1644322066682,3138,selenium_edit_issue,Success,True
.test_1_selenium_edit_issue,Total:50 Passed:50 Failed:0
1644322067357,668,selenium_save_comment:open_comment_form,Success,True
1644322070310,1736,selenium_save_comment:submit_form,Success,True
1644322070313,3624,selenium_save_comment,Success,True
.test_1_selenium_save_comment,Total:51 Passed:51 Failed:0
1644322071151,832,selenium_search_jql,Success,True
.test_1_selenium_search_jql,Total:52 Passed:52 Failed:0
1644322072465,1307,selenium_view_scrum_board_backlog,Success,True
.test_1_selenium_view_backlog_for_scrum_board,Total:53 Passed:53 Failed:0
1644322073652,1179,selenium_view_scrum_board,Success,True
.test_1_selenium_view_scrum_board,Total:54 Passed:54 Failed:0
1644322074764,1105,selenium_view_kanban_board,Success,True
.test_1_selenium_view_kanban_board,Total:55 Passed:55 Failed:0
1644322075306,532,selenium_view_dashboard,Success,True
.test_1_selenium_view_dashboard,Total:56 Passed:56 Failed:0
1644322076312,993,selenium_view_issue,Success,True
.test_1_selenium_view_issue,Total:57 Passed:57 Failed:0
1644322077444,1123,selenium_project_summary,Success,True
.test_1_selenium_view_project_summary,Total:58 Passed:58 Failed:0
1644322078400,951,selenium_app_custom_action:view_issue,Success,True
1644322078402,954,selenium_app_custom_action,Success,True
.test_1_selenium_custom_action,Total:59 Passed:59 Failed:0
1644322079445,1036,selenium_log_out,Success,True
.test_2_selenium_z_log_out,Total:60 Passed:60 Failed:0


============================== warnings summary ===============================
..\..\..\..\..\.bzt\python-packages\3.8.7\_pytest\config\__init__.py:1114
  C:\Users\RomanSokolovsky\.bzt\python-packages\3.8.7\_pytest\config\__init__.py:1114: PytestAssertRewriteWarning: Module already imported so cannot be rewritten: apiritif
    self._mark_plugins_for_rewrite(hook)

-- Docs: https://docs.pytest.org/en/stable/warnings.html
======================= 15 passed, 1 warning in 25.28s ========================
============================= test session starts =============================
platform win32 -- Python 3.8.7, pytest-6.2.5, py-1.11.0, pluggy-1.0.0
rootdir: C:\Users\RomanSokolovsky\Desktop\_jira\DC\dc-app-performance-toolkit\app
plugins: apiritif-1.1.2, forked-1.4.0, xdist-2.5.0
collected 15 items

selenium_ui\jira_ui.py get driver from global
clear browser cookies
1644322080150,424,selenium_login:open_login_page,Success,True
node_id:i-0105888bc85f91358
1644322081481,1326,selenium_login:login_and_view_dashboard,Success,True
1644322081484,1759,selenium_login,Success,True
.test_0_selenium_a_login,Total:61 Passed:61 Failed:0
1644322082126,617,selenium_browse_projects_list,Success,True
.test_1_selenium_browse_projects_list,Total:62 Passed:62 Failed:0
1644322083259,1128,selenium_browse_boards_list,Success,True
.test_1_selenium_browse_boards_list,Total:63 Passed:63 Failed:0
1644322085424,2139,selenium_create_issue:open_quick_create,Success,True
1644322087983,693,selenium_create_issue:fill_and_submit_issue_form:submit_issue_form,Success,True
1644322087986,2558,selenium_create_issue:fill_and_submit_issue_form,Success,True
1644322087989,4705,selenium_create_issue,Success,True
.test_1_selenium_create_issue,Total:64 Passed:64 Failed:0
1644322088795,768,selenium_edit_issue:open_edit_issue_form,Success,True
1644322091456,1259,selenium_edit_issue:save_edit_issue_form,Success,True
1644322091460,3434,selenium_edit_issue,Success,True
.test_1_selenium_edit_issue,Total:65 Passed:65 Failed:0
1644322092101,636,selenium_save_comment:open_comment_form,Success,True
1644322095172,1644,selenium_save_comment:submit_form,Success,True
1644322095175,3708,selenium_save_comment,Success,True
.test_1_selenium_save_comment,Total:66 Passed:66 Failed:0
1644322096250,1068,selenium_search_jql,Success,True
.test_1_selenium_search_jql,Total:67 Passed:67 Failed:0
1644322097555,1287,selenium_view_scrum_board_backlog,Success,True
.test_1_selenium_view_backlog_for_scrum_board,Total:68 Passed:68 Failed:0
1644322099337,1775,selenium_view_scrum_board,Success,True
.test_1_selenium_view_scrum_board,Total:69 Passed:69 Failed:0
1644322100546,1201,selenium_view_kanban_board,Success,True
.test_1_selenium_view_kanban_board,Total:70 Passed:70 Failed:0
1644322101233,680,selenium_view_dashboard,Success,True
.test_1_selenium_view_dashboard,Total:71 Passed:71 Failed:0
1644322102453,1214,selenium_view_issue,Success,True
.test_1_selenium_view_issue,Total:72 Passed:72 Failed:0
1644322103968,1508,selenium_project_summary,Success,True
.test_1_selenium_view_project_summary,Total:73 Passed:73 Failed:0
1644322105238,1263,selenium_app_custom_action:view_issue,Success,True
1644322105242,1267,selenium_app_custom_action,Success,True
.test_1_selenium_custom_action,Total:74 Passed:74 Failed:0
1644322106203,952,selenium_log_out,Success,True
.test_2_selenium_z_log_out,Total:75 Passed:75 Failed:0


============================== warnings summary ===============================
..\..\..\..\..\.bzt\python-packages\3.8.7\_pytest\config\__init__.py:1114
  C:\Users\RomanSokolovsky\.bzt\python-packages\3.8.7\_pytest\config\__init__.py:1114: PytestAssertRewriteWarning: Module already imported so cannot be rewritten: apiritif
    self._mark_plugins_for_rewrite(hook)

-- Docs: https://docs.pytest.org/en/stable/warnings.html
======================= 15 passed, 1 warning in 26.55s ========================
============================= test session starts =============================
platform win32 -- Python 3.8.7, pytest-6.2.5, py-1.11.0, pluggy-1.0.0
rootdir: C:\Users\RomanSokolovsky\Desktop\_jira\DC\dc-app-performance-toolkit\app
plugins: apiritif-1.1.2, forked-1.4.0, xdist-2.5.0
collected 15 items

selenium_ui\jira_ui.py get driver from global
clear browser cookies
1644322107202,444,selenium_login:open_login_page,Success,True
node_id:i-0105888bc85f91358
1644322108528,1321,selenium_login:login_and_view_dashboard,Success,True
1644322108531,1773,selenium_login,Success,True
.test_0_selenium_a_login,Total:76 Passed:76 Failed:0
1644322109349,778,selenium_browse_projects_list,Success,True
.test_1_selenium_browse_projects_list,Total:77 Passed:77 Failed:0
1644322110545,1187,selenium_browse_boards_list,Success,True
.test_1_selenium_browse_boards_list,Total:78 Passed:78 Failed:0
1644322112132,1562,selenium_create_issue:open_quick_create,Success,True
1644322113836,657,selenium_create_issue:fill_and_submit_issue_form:submit_issue_form,Success,True
1644322113839,1701,selenium_create_issue:fill_and_submit_issue_form,Success,True
1644322113842,3272,selenium_create_issue,Success,True
.test_1_selenium_create_issue,Total:79 Passed:79 Failed:0
1644322114546,682,selenium_edit_issue:open_edit_issue_form,Success,True
1644322116853,1260,selenium_edit_issue:save_edit_issue_form,Success,True
1644322116858,2993,selenium_edit_issue,Success,True
.test_1_selenium_edit_issue,Total:80 Passed:80 Failed:0
1644322117364,499,selenium_save_comment:open_comment_form,Success,True
1644322119277,1193,selenium_save_comment:submit_form,Success,True
1644322119280,2416,selenium_save_comment,Success,True
.test_1_selenium_save_comment,Total:81 Passed:81 Failed:0
1644322120172,887,selenium_search_jql,Success,True
.test_1_selenium_search_jql,Total:82 Passed:82 Failed:0
1644322121344,1164,selenium_view_scrum_board_backlog,Success,True
.test_1_selenium_view_backlog_for_scrum_board,Total:83 Passed:83 Failed:0
1644322122509,1159,selenium_view_scrum_board,Success,True
.test_1_selenium_view_scrum_board,Total:84 Passed:84 Failed:0
1644322123708,1193,selenium_view_kanban_board,Success,True
.test_1_selenium_view_kanban_board,Total:85 Passed:85 Failed:0
1644322124249,533,selenium_view_dashboard,Success,True
.test_1_selenium_view_dashboard,Total:86 Passed:86 Failed:0
1644322125216,961,selenium_view_issue,Success,True
.test_1_selenium_view_issue,Total:87 Passed:87 Failed:0
1644322126479,1256,selenium_project_summary,Success,True
.test_1_selenium_view_project_summary,Total:88 Passed:88 Failed:0
1644322127578,1094,selenium_app_custom_action:view_issue,Success,True
1644322127581,1097,selenium_app_custom_action,Success,True
.test_1_selenium_custom_action,Total:89 Passed:89 Failed:0
1644322128619,1033,selenium_log_out,Success,True
.test_2_selenium_z_log_out,Total:90 Passed:90 Failed:0


============================== warnings summary ===============================
..\..\..\..\..\.bzt\python-packages\3.8.7\_pytest\config\__init__.py:1114
  C:\Users\RomanSokolovsky\.bzt\python-packages\3.8.7\_pytest\config\__init__.py:1114: PytestAssertRewriteWarning: Module already imported so cannot be rewritten: apiritif
    self._mark_plugins_for_rewrite(hook)

-- Docs: https://docs.pytest.org/en/stable/warnings.html
======================= 15 passed, 1 warning in 21.97s ========================
============================= test session starts =============================
platform win32 -- Python 3.8.7, pytest-6.2.5, py-1.11.0, pluggy-1.0.0
rootdir: C:\Users\RomanSokolovsky\Desktop\_jira\DC\dc-app-performance-toolkit\app
plugins: apiritif-1.1.2, forked-1.4.0, xdist-2.5.0
collected 15 items

selenium_ui\jira_ui.py get driver from global
clear browser cookies
1644322129277,398,selenium_login:open_login_page,Success,True
node_id:i-0105888bc85f91358
1644322130786,1507,selenium_login:login_and_view_dashboard,Success,True
1644322130788,1909,selenium_login,Success,True
.test_0_selenium_a_login,Total:91 Passed:91 Failed:0
1644322131304,489,selenium_browse_projects_list,Success,True
.test_1_selenium_browse_projects_list,Total:92 Passed:92 Failed:0
1644322132336,1027,selenium_browse_boards_list,Success,True
.test_1_selenium_browse_boards_list,Total:93 Passed:93 Failed:0
1644322133303,946,selenium_create_issue:open_quick_create,Success,True
1644322136141,712,selenium_create_issue:fill_and_submit_issue_form:submit_issue_form,Success,True
1644322136146,2838,selenium_create_issue:fill_and_submit_issue_form,Success,True
1644322136150,3792,selenium_create_issue,Success,True
.test_1_selenium_create_issue,Total:94 Passed:94 Failed:0
1644322136973,792,selenium_edit_issue:open_edit_issue_form,Success,True
1644322139652,1521,selenium_edit_issue:save_edit_issue_form,Success,True
1644322139658,3477,selenium_edit_issue,Success,True
.test_1_selenium_edit_issue,Total:95 Passed:95 Failed:0
1644322140765,1093,selenium_save_comment:open_comment_form,Success,True
1644322143679,1853,selenium_save_comment:submit_form,Success,True
1644322143682,4018,selenium_save_comment,Success,True
.test_1_selenium_save_comment,Total:96 Passed:96 Failed:0
1644322144685,996,selenium_search_jql,Success,True
.test_1_selenium_search_jql,Total:97 Passed:97 Failed:0
1644322145987,1293,selenium_view_scrum_board_backlog,Success,True
.test_1_selenium_view_backlog_for_scrum_board,Total:98 Passed:98 Failed:0
1644322147095,1102,selenium_view_scrum_board,Success,True
.test_1_selenium_view_scrum_board,Total:99 Passed:99 Failed:0
1644322148696,1594,selenium_view_kanban_board,Success,True
.test_1_selenium_view_kanban_board,Total:100 Passed:100 Failed:0
1644322149160,459,selenium_view_dashboard,Success,True
.test_1_selenium_view_dashboard,Total:101 Passed:101 Failed:0
1644322150054,887,selenium_view_issue,Success,True
.test_1_selenium_view_issue,Total:102 Passed:102 Failed:0
1644322151196,1136,selenium_project_summary,Success,True
.test_1_selenium_view_project_summary,Total:103 Passed:103 Failed:0
1644322152218,1016,selenium_app_custom_action:view_issue,Success,True
1644322152221,1019,selenium_app_custom_action,Success,True
.test_1_selenium_custom_action,Total:104 Passed:104 Failed:0
1644322153132,904,selenium_log_out,Success,True
.test_2_selenium_z_log_out,Total:105 Passed:105 Failed:0


============================== warnings summary ===============================
..\..\..\..\..\.bzt\python-packages\3.8.7\_pytest\config\__init__.py:1114
  C:\Users\RomanSokolovsky\.bzt\python-packages\3.8.7\_pytest\config\__init__.py:1114: PytestAssertRewriteWarning: Module already imported so cannot be rewritten: apiritif
    self._mark_plugins_for_rewrite(hook)

-- Docs: https://docs.pytest.org/en/stable/warnings.html
======================= 15 passed, 1 warning in 24.33s ========================
============================= test session starts =============================
platform win32 -- Python 3.8.7, pytest-6.2.5, py-1.11.0, pluggy-1.0.0
rootdir: C:\Users\RomanSokolovsky\Desktop\_jira\DC\dc-app-performance-toolkit\app
plugins: apiritif-1.1.2, forked-1.4.0, xdist-2.5.0
collected 15 items

selenium_ui\jira_ui.py get driver from global
clear browser cookies
1644322153746,321,selenium_login:open_login_page,Success,True
node_id:i-0105888bc85f91358
1644322155252,1501,selenium_login:login_and_view_dashboard,Success,True
1644322155255,1832,selenium_login,Success,True
.test_0_selenium_a_login,Total:106 Passed:106 Failed:0
1644322155732,453,selenium_browse_projects_list,Success,True
.test_1_selenium_browse_projects_list,Total:107 Passed:107 Failed:0
1644322156820,1083,selenium_browse_boards_list,Success,True
.test_1_selenium_browse_boards_list,Total:108 Passed:108 Failed:0
1644322158100,1261,selenium_create_issue:open_quick_create,Success,True
1644322159655,666,selenium_create_issue:fill_and_submit_issue_form:submit_issue_form,Success,True
1644322159657,1553,selenium_create_issue:fill_and_submit_issue_form,Success,True
1644322159659,2821,selenium_create_issue,Success,True
.test_1_selenium_create_issue,Total:109 Passed:109 Failed:0
1644322160396,716,selenium_edit_issue:open_edit_issue_form,Success,True
1644322162865,1382,selenium_edit_issue:save_edit_issue_form,Success,True
1644322162870,3189,selenium_edit_issue,Success,True
.test_1_selenium_edit_issue,Total:110 Passed:110 Failed:0
1644322163724,848,selenium_save_comment:open_comment_form,Success,True
1644322166203,1192,selenium_save_comment:submit_form,Success,True
1644322166207,3330,selenium_save_comment,Success,True
.test_1_selenium_save_comment,Total:111 Passed:111 Failed:0
1644322167070,857,selenium_search_jql,Success,True
.test_1_selenium_search_jql,Total:112 Passed:112 Failed:0
1644322168533,1453,selenium_view_scrum_board_backlog,Success,True
.test_1_selenium_view_backlog_for_scrum_board,Total:113 Passed:113 Failed:0
1644322169713,1173,selenium_view_scrum_board,Success,True
.test_1_selenium_view_scrum_board,Total:114 Passed:114 Failed:0
1644322170869,1150,selenium_view_kanban_board,Success,True
.test_1_selenium_view_kanban_board,Total:115 Passed:115 Failed:0
1644322171534,659,selenium_view_dashboard,Success,True
.test_1_selenium_view_dashboard,Total:116 Passed:116 Failed:0
1644322172464,923,selenium_view_issue,Success,True
.test_1_selenium_view_issue,Total:117 Passed:117 Failed:0
1644322173924,1454,selenium_project_summary,Success,True
.test_1_selenium_view_project_summary,Total:118 Passed:118 Failed:0
1644322174794,864,selenium_app_custom_action:view_issue,Success,True
1644322174797,868,selenium_app_custom_action,Success,True
.test_1_selenium_custom_action,Total:119 Passed:119 Failed:0
1644322175721,917,selenium_log_out,Success,True
.test_2_selenium_z_log_out,Total:120 Passed:120 Failed:0


============================== warnings summary ===============================
..\..\..\..\..\.bzt\python-packages\3.8.7\_pytest\config\__init__.py:1114
  C:\Users\RomanSokolovsky\.bzt\python-packages\3.8.7\_pytest\config\__init__.py:1114: PytestAssertRewriteWarning: Module already imported so cannot be rewritten: apiritif
    self._mark_plugins_for_rewrite(hook)

-- Docs: https://docs.pytest.org/en/stable/warnings.html
======================= 15 passed, 1 warning in 22.37s ========================
============================= test session starts =============================
platform win32 -- Python 3.8.7, pytest-6.2.5, py-1.11.0, pluggy-1.0.0
rootdir: C:\Users\RomanSokolovsky\Desktop\_jira\DC\dc-app-performance-toolkit\app
plugins: apiritif-1.1.2, forked-1.4.0, xdist-2.5.0
collected 15 items

selenium_ui\jira_ui.py get driver from global
clear browser cookies
1644322176349,346,selenium_login:open_login_page,Success,True
node_id:i-0105888bc85f91358
1644322177647,1294,selenium_login:login_and_view_dashboard,Success,True
1644322177650,1648,selenium_login,Success,True
.test_0_selenium_a_login,Total:121 Passed:121 Failed:0
1644322178328,652,selenium_browse_projects_list,Success,True
.test_1_selenium_browse_projects_list,Total:122 Passed:122 Failed:0
1644322179368,1030,selenium_browse_boards_list,Success,True
.test_1_selenium_browse_boards_list,Total:123 Passed:123 Failed:0
1644322180887,1489,selenium_create_issue:open_quick_create,Success,True
1644322182349,703,selenium_create_issue:fill_and_submit_issue_form:submit_issue_form,Success,True
1644322182352,1462,selenium_create_issue:fill_and_submit_issue_form,Success,True
1644322182354,2957,selenium_create_issue,Success,True
.test_1_selenium_create_issue,Total:124 Passed:124 Failed:0
1644322183691,1314,selenium_edit_issue:open_edit_issue_form,Success,True
1644322185891,1193,selenium_edit_issue:save_edit_issue_form,Success,True
1644322185894,3517,selenium_edit_issue,Success,True
.test_1_selenium_edit_issue,Total:125 Passed:125 Failed:0
1644322186358,459,selenium_save_comment:open_comment_form,Success,True
1644322188395,1338,selenium_save_comment:submit_form,Success,True
1644322188398,2500,selenium_save_comment,Success,True
.test_1_selenium_save_comment,Total:126 Passed:126 Failed:0
1644322189241,835,selenium_search_jql,Success,True
.test_1_selenium_search_jql,Total:127 Passed:127 Failed:0
1644322190428,1182,selenium_view_scrum_board_backlog,Success,True
.test_1_selenium_view_backlog_for_scrum_board,Total:128 Passed:128 Failed:0
1644322191588,1153,selenium_view_scrum_board,Success,True
.test_1_selenium_view_scrum_board,Total:129 Passed:129 Failed:0
1644322192624,1029,selenium_view_kanban_board,Success,True
.test_1_selenium_view_kanban_board,Total:130 Passed:130 Failed:0
1644322193159,527,selenium_view_dashboard,Success,True
.test_1_selenium_view_dashboard,Total:131 Passed:131 Failed:0
1644322194433,1269,selenium_view_issue,Success,True
.test_1_selenium_view_issue,Total:132 Passed:132 Failed:0
1644322195696,1255,selenium_project_summary,Success,True
.test_1_selenium_view_project_summary,Total:133 Passed:133 Failed:0
1644322196875,1170,selenium_app_custom_action:view_issue,Success,True
1644322196878,1174,selenium_app_custom_action,Success,True
.test_1_selenium_custom_action,Total:134 Passed:134 Failed:0
1644322198046,1160,selenium_log_out,Success,True
.test_2_selenium_z_log_out,Total:135 Passed:135 Failed:0


============================== warnings summary ===============================
..\..\..\..\..\.bzt\python-packages\3.8.7\_pytest\config\__init__.py:1114
  C:\Users\RomanSokolovsky\.bzt\python-packages\3.8.7\_pytest\config\__init__.py:1114: PytestAssertRewriteWarning: Module already imported so cannot be rewritten: apiritif
    self._mark_plugins_for_rewrite(hook)

-- Docs: https://docs.pytest.org/en/stable/warnings.html
======================= 15 passed, 1 warning in 22.13s ========================
============================= test session starts =============================
platform win32 -- Python 3.8.7, pytest-6.2.5, py-1.11.0, pluggy-1.0.0
rootdir: C:\Users\RomanSokolovsky\Desktop\_jira\DC\dc-app-performance-toolkit\app
plugins: apiritif-1.1.2, forked-1.4.0, xdist-2.5.0
collected 15 items

selenium_ui\jira_ui.py get driver from global
clear browser cookies
1644322198753,359,selenium_login:open_login_page,Success,True
node_id:i-0105888bc85f91358
1644322200559,1802,selenium_login:login_and_view_dashboard,Success,True
1644322200561,2169,selenium_login,Success,True
.test_0_selenium_a_login,Total:136 Passed:136 Failed:0
1644322201080,481,selenium_browse_projects_list,Success,True
.test_1_selenium_browse_projects_list,Total:137 Passed:137 Failed:0
1644322202089,1003,selenium_browse_boards_list,Success,True
.test_1_selenium_browse_boards_list,Total:138 Passed:138 Failed:0
1644322203385,1276,selenium_create_issue:open_quick_create,Success,True
1644322205480,724,selenium_create_issue:fill_and_submit_issue_form:submit_issue_form,Success,True
1644322205482,2094,selenium_create_issue:fill_and_submit_issue_form,Success,True
1644322205484,3375,selenium_create_issue,Success,True
.test_1_selenium_create_issue,Total:139 Passed:139 Failed:0
1644322206205,699,selenium_edit_issue:open_edit_issue_form,Success,True
1644322208487,1305,selenium_edit_issue:save_edit_issue_form,Success,True
1644322208490,2984,selenium_edit_issue,Success,True
.test_1_selenium_edit_issue,Total:140 Passed:140 Failed:0
1644322209643,1146,selenium_save_comment:open_comment_form,Success,True
1644322211408,1083,selenium_save_comment:submit_form,Success,True
1644322211410,2914,selenium_save_comment,Success,True
.test_1_selenium_save_comment,Total:141 Passed:141 Failed:0
1644322212253,836,selenium_search_jql,Success,True
.test_1_selenium_search_jql,Total:142 Passed:142 Failed:0
1644322213526,1263,selenium_view_scrum_board_backlog,Success,True
.test_1_selenium_view_backlog_for_scrum_board,Total:143 Passed:143 Failed:0
1644322214664,1132,selenium_view_scrum_board,Success,True
.test_1_selenium_view_scrum_board,Total:144 Passed:144 Failed:0
1644322215834,1165,selenium_view_kanban_board,Success,True
.test_1_selenium_view_kanban_board,Total:145 Passed:145 Failed:0
1644322216380,540,selenium_view_dashboard,Success,True
.test_1_selenium_view_dashboard,Total:146 Passed:146 Failed:0
1644322217295,907,selenium_view_issue,Success,True
.test_1_selenium_view_issue,Total:147 Passed:147 Failed:0
1644322218454,1154,selenium_project_summary,Success,True
.test_1_selenium_view_project_summary,Total:148 Passed:148 Failed:0
1644322219508,1047,selenium_app_custom_action:view_issue,Success,True
1644322219510,1051,selenium_app_custom_action,Success,True
.test_1_selenium_custom_action,Total:149 Passed:149 Failed:0
1644322220367,851,selenium_log_out,Success,True
.test_2_selenium_z_log_out,Total:150 Passed:150 Failed:0


============================== warnings summary ===============================
..\..\..\..\..\.bzt\python-packages\3.8.7\_pytest\config\__init__.py:1114
  C:\Users\RomanSokolovsky\.bzt\python-packages\3.8.7\_pytest\config\__init__.py:1114: PytestAssertRewriteWarning: Module already imported so cannot be rewritten: apiritif
    self._mark_plugins_for_rewrite(hook)

-- Docs: https://docs.pytest.org/en/stable/warnings.html
======================= 15 passed, 1 warning in 22.05s ========================
============================= test session starts =============================
platform win32 -- Python 3.8.7, pytest-6.2.5, py-1.11.0, pluggy-1.0.0
rootdir: C:\Users\RomanSokolovsky\Desktop\_jira\DC\dc-app-performance-toolkit\app
plugins: apiritif-1.1.2, forked-1.4.0, xdist-2.5.0
collected 15 items

selenium_ui\jira_ui.py get driver from global
clear browser cookies
1644322220965,332,selenium_login:open_login_page,Success,True
node_id:i-0105888bc85f91358
1644322222646,1675,selenium_login:login_and_view_dashboard,Success,True
1644322222649,2016,selenium_login,Success,True
.test_0_selenium_a_login,Total:151 Passed:151 Failed:0
1644322223132,438,selenium_browse_projects_list,Success,True
.test_1_selenium_browse_projects_list,Total:152 Passed:152 Failed:0
1644322224253,1114,selenium_browse_boards_list,Success,True
.test_1_selenium_browse_boards_list,Total:153 Passed:153 Failed:0
1644322225742,1466,selenium_create_issue:open_quick_create,Success,True
1644322227336,673,selenium_create_issue:fill_and_submit_issue_form:submit_issue_form,Success,True
1644322227339,1592,selenium_create_issue:fill_and_submit_issue_form,Success,True
1644322227342,3067,selenium_create_issue,Success,True
.test_1_selenium_create_issue,Total:154 Passed:154 Failed:0
1644322228200,833,selenium_edit_issue:open_edit_issue_form,Success,True
1644322230287,1073,selenium_edit_issue:save_edit_issue_form,Success,True
1644322230290,2923,selenium_edit_issue,Success,True
.test_1_selenium_edit_issue,Total:155 Passed:155 Failed:0
1644322230801,505,selenium_save_comment:open_comment_form,Success,True
1644322232784,1281,selenium_save_comment:submit_form,Success,True
1644322232787,2491,selenium_save_comment,Success,True
.test_1_selenium_save_comment,Total:156 Passed:156 Failed:0
1644322233563,769,selenium_search_jql,Success,True
.test_1_selenium_search_jql,Total:157 Passed:157 Failed:0
1644322234976,1407,selenium_view_scrum_board_backlog,Success,True
.test_1_selenium_view_backlog_for_scrum_board,Total:158 Passed:158 Failed:0
1644322236175,1192,selenium_view_scrum_board,Success,True
.test_1_selenium_view_scrum_board,Total:159 Passed:159 Failed:0
1644322237350,1169,selenium_view_kanban_board,Success,True
.test_1_selenium_view_kanban_board,Total:160 Passed:160 Failed:0
1644322238000,642,selenium_view_dashboard,Success,True
.test_1_selenium_view_dashboard,Total:161 Passed:161 Failed:0
1644322238826,820,selenium_view_issue,Success,True
.test_1_selenium_view_issue,Total:162 Passed:162 Failed:0
1644322240061,1228,selenium_project_summary,Success,True
.test_1_selenium_view_project_summary,Total:163 Passed:163 Failed:0
1644322240965,898,selenium_app_custom_action:view_issue,Success,True
1644322240968,901,selenium_app_custom_action,Success,True
.test_1_selenium_custom_action,Total:164 Passed:164 Failed:0
1644322242085,1112,selenium_log_out,Success,True
.test_2_selenium_z_log_out,Total:165 Passed:165 Failed:0


============================== warnings summary ===============================
..\..\..\..\..\.bzt\python-packages\3.8.7\_pytest\config\__init__.py:1114
  C:\Users\RomanSokolovsky\.bzt\python-packages\3.8.7\_pytest\config\__init__.py:1114: PytestAssertRewriteWarning: Module already imported so cannot be rewritten: apiritif
    self._mark_plugins_for_rewrite(hook)

-- Docs: https://docs.pytest.org/en/stable/warnings.html
======================= 15 passed, 1 warning in 21.53s ========================
============================= test session starts =============================
platform win32 -- Python 3.8.7, pytest-6.2.5, py-1.11.0, pluggy-1.0.0
rootdir: C:\Users\RomanSokolovsky\Desktop\_jira\DC\dc-app-performance-toolkit\app
plugins: apiritif-1.1.2, forked-1.4.0, xdist-2.5.0
collected 15 items

selenium_ui\jira_ui.py get driver from global
clear browser cookies
1644322242712,338,selenium_login:open_login_page,Success,True
node_id:i-0105888bc85f91358
1644322243909,1194,selenium_login:login_and_view_dashboard,Success,True
1644322243912,1538,selenium_login,Success,True
.test_0_selenium_a_login,Total:166 Passed:166 Failed:0
1644322244453,514,selenium_browse_projects_list,Success,True
.test_1_selenium_browse_projects_list,Total:167 Passed:167 Failed:0
1644322245751,1290,selenium_browse_boards_list,Success,True
.test_1_selenium_browse_boards_list,Total:168 Passed:168 Failed:0
1644322247230,1448,selenium_create_issue:open_quick_create,Success,True
1644322248978,707,selenium_create_issue:fill_and_submit_issue_form:submit_issue_form,Success,True
1644322248981,1747,selenium_create_issue:fill_and_submit_issue_form,Success,True
1644322248984,3203,selenium_create_issue,Success,True
.test_1_selenium_create_issue,Total:169 Passed:169 Failed:0
1644322249712,693,selenium_edit_issue:open_edit_issue_form,Success,True
1644322251949,1186,selenium_edit_issue:save_edit_issue_form,Success,True
1644322251955,2935,selenium_edit_issue,Success,True
.test_1_selenium_edit_issue,Total:170 Passed:170 Failed:0
1644322252439,477,selenium_save_comment:open_comment_form,Success,True
1644322254276,1091,selenium_save_comment:submit_form,Success,True
1644322254279,2318,selenium_save_comment,Success,True
.test_1_selenium_save_comment,Total:171 Passed:171 Failed:0
1644322254866,580,selenium_search_jql,Success,True
.test_1_selenium_search_jql,Total:172 Passed:172 Failed:0
1644322256123,1251,selenium_view_scrum_board_backlog,Success,True
.test_1_selenium_view_backlog_for_scrum_board,Total:173 Passed:173 Failed:0
1644322257273,1145,selenium_view_scrum_board,Success,True
.test_1_selenium_view_scrum_board,Total:174 Passed:174 Failed:0
1644322259214,1934,selenium_view_kanban_board,Success,True
.test_1_selenium_view_kanban_board,Total:175 Passed:175 Failed:0
1644322259644,425,selenium_view_dashboard,Success,True
.test_1_selenium_view_dashboard,Total:176 Passed:176 Failed:0
1644322260567,915,selenium_view_issue,Success,True
.test_1_selenium_view_issue,Total:177 Passed:177 Failed:0
1644322261436,863,selenium_project_summary,Success,True
.test_1_selenium_view_project_summary,Total:178 Passed:178 Failed:0
1644322262403,961,selenium_app_custom_action:view_issue,Success,True
1644322262406,964,selenium_app_custom_action,Success,True
.test_1_selenium_custom_action,Total:179 Passed:179 Failed:0
1644322263339,929,selenium_log_out,Success,True
.test_2_selenium_z_log_out,Total:180 Passed:180 Failed:0


============================== warnings summary ===============================
..\..\..\..\..\.bzt\python-packages\3.8.7\_pytest\config\__init__.py:1114
  C:\Users\RomanSokolovsky\.bzt\python-packages\3.8.7\_pytest\config\__init__.py:1114: PytestAssertRewriteWarning: Module already imported so cannot be rewritten: apiritif
    self._mark_plugins_for_rewrite(hook)

-- Docs: https://docs.pytest.org/en/stable/warnings.html
======================= 15 passed, 1 warning in 21.04s ========================
